<?xml version="1.0" encoding="UTF-8"?>
<!-- Generated by org.testng.reporters.JUnitReportReporter -->
<testsuite hostname="sunshine-PC" name="FirstGitPack.FirstGitClassTest" tests="1" failures="0" timestamp="9 Feb 2019 18:04:42 GMT" time="19.809" errors="0">
  <testcase name="f" time="19.809" classname="FirstGitPack.FirstGitClassTest"/>
</testsuite> <!-- FirstGitPack.FirstGitClassTest -->
